[debug] [2022-08-17T11:40:58.862Z] ----------------------------------------------------------------------
[debug] [2022-08-17T11:40:58.868Z] Command:       C:\Program Files\nodejs\node.exe C:\Users\mahan\AppData\Roaming\npm\node_modules\firebase-tools\lib\bin\firebase.js init
[debug] [2022-08-17T11:40:58.869Z] CLI Version:   11.7.0
[debug] [2022-08-17T11:40:58.870Z] Platform:      win32
[debug] [2022-08-17T11:40:58.870Z] Node Version:  v16.11.1
[debug] [2022-08-17T11:40:58.873Z] Time:          Wed Aug 17 2022 17:10:58 GMT+0530 (India Standard Time)
[debug] [2022-08-17T11:40:58.873Z] ----------------------------------------------------------------------
[debug] 
[debug] [2022-08-17T11:40:59.126Z] > command requires scopes: ["email","openid","https://www.googleapis.com/auth/cloudplatformprojects.readonly","https://www.googleapis.com/auth/firebase","https://www.googleapis.com/auth/cloud-platform"]
[debug] [2022-08-17T11:40:59.127Z] > authorizing via signed-in user (mahanharsh66@gmail.com)
[info] 
     ######## #### ########  ######## ########     ###     ######  ########
     ##        ##  ##     ## ##       ##     ##  ##   ##  ##       ##
     ######    ##  ########  ######   ########  #########  ######  ######
     ##        ##  ##    ##  ##       ##     ## ##     ##       ## ##
     ##       #### ##     ## ######## ########  ##     ##  ######  ########

You're about to initialize a Firebase project in this directory:

  C:\Users\mahan\OneDrive\Desktop\Projects\hello-app

Before we get started, keep in mind:

  * You are initializing within an existing Firebase project directory

[info] 
=== Project Setup
[info] 
[info] First, let's associate this project directory with a Firebase project.
[info] You can create multiple project aliases by running firebase use --add, 
[info] but for now we'll just set up a default project.
[info] 
[debug] [2022-08-17T11:41:31.898Z] Using project from CLI flag: hello-app-ad6ef
[debug] [2022-08-17T11:41:31.905Z] >>> [apiv2][query] GET https://firebase.googleapis.com/v1beta1/projects/hello-app-ad6ef [none]
[debug] [2022-08-17T11:41:32.489Z] <<< [apiv2][status] GET https://firebase.googleapis.com/v1beta1/projects/hello-app-ad6ef 200
[debug] [2022-08-17T11:41:32.489Z] <<< [apiv2][body] GET https://firebase.googleapis.com/v1beta1/projects/hello-app-ad6ef {"projectId":"hello-app-ad6ef","projectNumber":"1033064337675","displayName":"Hello App","name":"projects/hello-app-ad6ef","resources":{"hostingSite":"hello-app-ad6ef","storageBucket":"hello-app-ad6ef.appspot.com","locationId":"us-central"},"state":"ACTIVE","etag":"1_45e501b7-0007-406d-9eaa-013c9a0a622c"}
[info] i  Using project hello-app-ad6ef (Hello App) 
[info] 
=== Hosting Setup
[info] 
[info] Your public directory is the folder (relative to your project directory) that
[info] will contain Hosting assets to be uploaded with firebase deploy. If you
[info] have a build process for your assets, use your build's output directory.
[info] 
[debug] [2022-08-17T11:41:48.169Z] >>> [apiv2][query] GET https://www.gstatic.com/firebasejs/releases.json [none]
[debug] [2022-08-17T11:41:48.308Z] <<< [apiv2][status] GET https://www.gstatic.com/firebasejs/releases.json 200
[debug] [2022-08-17T11:41:48.308Z] <<< [apiv2][body] GET https://www.gstatic.com/firebasejs/releases.json {"current":{"version":"9.9.2","browserURL":"https://www.gstatic.com/firebasejs/9.9.2/firebase.js","packageURL":"https://www.gstatic.com/firebasejs/9.9.2/firebase.tgz"},"live":{"version":"9.9","browserURL":"https://www.gstatic.com/firebasejs/live/9.9/firebase.js","packageURL":"https://www.gstatic.com/firebasejs/live/9.9/firebase.tgz"},"components":{"analytics":"https://www.gstatic.com/firebasejs/9.9.2/firebase-analytics.js","app":"https://www.gstatic.com/firebasejs/9.9.2/firebase-app.js","app-check":"https://www.gstatic.com/firebasejs/9.9.2/firebase-app-check.js","auth":"https://www.gstatic.com/firebasejs/9.9.2/firebase-auth.js","auth/cordova":"https://www.gstatic.com/firebasejs/9.9.2/firebase-auth/cordova.js","auth/react-native":"https://www.gstatic.com/firebasejs/9.9.2/firebase-auth/react-native.js","functions":"https://www.gstatic.com/firebasejs/9.9.2/firebase-functions.js","firestore":"https://www.gstatic.com/firebasejs/9.9.2/firebase-firestore.js","firestore/lite":"https://www.gstatic.com/firebasejs/9.9.2/firebase-firestore/lite.js","installations":"https://www.gstatic.com/firebasejs/9.9.2/firebase-installations.js","storage":"https://www.gstatic.com/firebasejs/9.9.2/firebase-storage.js","performance":"https://www.gstatic.com/firebasejs/9.9.2/firebase-performance.js","remote-config":"https://www.gstatic.com/firebasejs/9.9.2/firebase-remote-config.js","messaging":"https://www.gstatic.com/firebasejs/9.9.2/firebase-messaging.js","messaging/sw":"https://www.gstatic.com/firebasejs/9.9.2/firebase-messaging/sw.js","database":"https://www.gstatic.com/firebasejs/9.9.2/firebase-database.js","firestore.memory":"https://www.gstatic.com/firebasejs/9.9.2/firebase-firestore.memory.js"}}
[info] +  Wrote build/index.html 
[info] 
[info] i  Detected a .git folder at C:\Users\mahan\OneDrive\Desktop\Projects\hello-app 
[info] i  Authorizing with GitHub to upload your service account to a GitHub repository's secrets store. 
[info] 
[info] Visit this URL on this device to log in:
[info] https://github.com/login/oauth/authorize?client_id=89cf50f02ac6aaed3484&state=1046489515&redirect_uri=http%3A%2F%2Flocalhost%3A9005&scope=read%3Auser%20repo%20public_repo
[info] 
[info] Waiting for authentication...
[debug] [2022-08-17T11:42:19.863Z] >>> [apiv2][query] POST https://github.com/login/oauth/access_token [none]
[debug] [2022-08-17T11:42:19.864Z] >>> [apiv2][body] POST https://github.com/login/oauth/access_token [stream]
[debug] [2022-08-17T11:42:20.325Z] <<< [apiv2][status] POST https://github.com/login/oauth/access_token 200
[debug] [2022-08-17T11:42:20.325Z] <<< [apiv2][body] POST https://github.com/login/oauth/access_token {"access_token":"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","token_type":"bearer","scope":"read:user,repo"}
[debug] [2022-08-17T11:42:20.346Z] >>> [apiv2][query] GET https://api.github.com/user [none]
[debug] [2022-08-17T11:42:20.765Z] <<< [apiv2][status] GET https://api.github.com/user 200
[debug] [2022-08-17T11:42:20.766Z] <<< [apiv2][body] GET https://api.github.com/user {"login":"harshmahan","id":75237220,"node_id":"MDQ6VXNlcjc1MjM3MjIw","avatar_url":"https://avatars.githubusercontent.com/u/75237220?v=4","gravatar_id":"","url":"https://api.github.com/users/harshmahan","html_url":"https://github.com/harshmahan","followers_url":"https://api.github.com/users/harshmahan/followers","following_url":"https://api.github.com/users/harshmahan/following{/other_user}","gists_url":"https://api.github.com/users/harshmahan/gists{/gist_id}","starred_url":"https://api.github.com/users/harshmahan/starred{/owner}{/repo}","subscriptions_url":"https://api.github.com/users/harshmahan/subscriptions","organizations_url":"https://api.github.com/users/harshmahan/orgs","repos_url":"https://api.github.com/users/harshmahan/repos","events_url":"https://api.github.com/users/harshmahan/events{/privacy}","received_events_url":"https://api.github.com/users/harshmahan/received_events","type":"User","site_admin":false,"name":null,"company":null,"blog":"","location":null,"email":null,"hireable":null,"bio":null,"twitter_username":null,"public_repos":7,"public_gists":0,"followers":0,"following":0,"created_at":"2020-11-30T05:22:59Z","updated_at":"2022-08-10T14:29:40Z","private_gists":0,"total_private_repos":0,"owned_private_repos":0,"disk_usage":24583,"collaborators":0,"two_factor_authentication":false,"plan":{"name":"free","space":976562499,"collaborators":0,"private_repos":10000}}
[info] 
[info] +  Success! Logged into GitHub as harshmahan 
[info] 
